<?xml version='1.0' encoding='UTF-8'?>
<testsuite hostname="christian-pc" name="reductions.ReductionsSuite" tests="9" errors="0" failures="0" skipped="0" time="0.198" timestamp="2021-02-14T10:39:27">
                     <properties>
[...]
</properties>
                     <testcase classname="reductions.ReductionsSuite" name="countChange should return 1 when money == 0" time="0.122">
                                                 
                                               </testcase><testcase classname="reductions.ReductionsSuite" name="countChange should work when there is only one coin" time="0.003">
                                                 
                                               </testcase><testcase classname="reductions.ReductionsSuite" name="countChange should return 0 for money &gt; 0 and coins = List()" time="0.002">
                                                 
                                               </testcase><testcase classname="reductions.ReductionsSuite" name="balance should work for empty string" time="0.005">
                                                 
                                               </testcase><testcase classname="reductions.ReductionsSuite" name="countChange should return 0 for money &lt; 0" time="0.001">
                                                 
                                               </testcase><testcase classname="reductions.ReductionsSuite" name="countChange should work for multi-coins" time="0.05">
                                                 
                                               </testcase><testcase classname="reductions.ReductionsSuite" name="lineOfSight should correctly handle an array of size 4" time="0.003">
                                                 
                                               </testcase><testcase classname="reductions.ReductionsSuite" name="balance should work for string of length 1" time="0.01">
                                                 
                                               </testcase><testcase classname="reductions.ReductionsSuite" name="balance should work for string of length 2" time="0.002">
                                                 
                                               </testcase>
                     <system-out><![CDATA[]]></system-out>
                     <system-err><![CDATA[]]></system-err>
                   </testsuite>