<?xml version='1.0' encoding='UTF-8'?>
<testsuite hostname="christian-pc" name="kmeans.KMeansSuite" tests="5" errors="0" failures="0" skipped="0" time="0.324" timestamp="2021-02-21T10:52:33">
                     <properties>
[...]
</properties>
                     <testcase classname="kmeans.KMeansSuite" name="'classify' should work for empty 'points' and 'means' == Seq(Point(1,1,1))" time="0.169">
                                                 
                                               </testcase><testcase classname="kmeans.KMeansSuite" name="'classify' should work for 'points' == Seq((1, 1, 0), (1, -1, 0), (-1, 1, 0), (-1, -1, 0)) and 'means' == Seq((1, 0, 0), (-1, 0, 0))" time="0.024">
                                                 
                                               </testcase><testcase classname="kmeans.KMeansSuite" name="'classify should work for empty 'points' and empty 'means'" time="0.001">
                                                 
                                               </testcase><testcase classname="kmeans.KMeansSuite" name="'classify' should work for 'points' == Seq((1, 1, 0), (1, -1, 0), (-1, 1, 0), (-1, -1, 0)) and 'means' == Seq((0, 0, 0))" time="0.001">
                                                 
                                               </testcase><testcase classname="kmeans.KMeansSuite" name="'classify' with data parallelism should work for empty 'points' and empty 'means'" time="0.129">
                                                 
                                               </testcase>
                     <system-out><![CDATA[]]></system-out>
                     <system-err><![CDATA[]]></system-err>
                   </testsuite>